[0]:[0] Witam!
[0]:[0] Szukam przeciwnika
[0]:[2] Moim przeciwnikiem jest 1
[1]:[0] Witam!
[1]:[0] Szukam przeciwnika
[1]:[2] Moim przeciwnikiem jest 0
[3]:[0] Witam!
[3]:[0] Szukam przeciwnika
[2]:[0] Witam!
[2]:[0] Szukam przeciwnika
[1]:[2] Szukam Sekundanta
[0]:[2] Szukam Sekundanta
[3]:[18] Nie znalazem rywala, szukam dalej!
[1]:[14] Walcze z 0
[2]:[28] Nie znalazem rywala, szukam dalej!
[3]:[18] Szukam przeciwnika
[0]:[20] Walcze z 1
[0]:[24] Wygralem z 1
[1]:[24] Poleglem z 0
[2]:[28] Szukam przeciwnika
[0]:[24] Szukam przeciwnika
[1]:[24] Szukam wolnego lozka
[3]:[38] Moim przeciwnikiem jest 2
[2]:[38] Moim przeciwnikiem jest 3
[1]:[38] Znalazlem lozko, bede leczyl sie 3s
[3]:[38] Szukam Sekundanta
[2]:[38] Szukam Sekundanta
[0]:[48] Nie znalazem rywala, szukam dalej!
[0]:[48] Szukam przeciwnika
[1]:[38] Wyleczony
[0]:[50] Moim przeciwnikiem jest 1
[1]:[38] Szukam przeciwnika
[1]:[50] Moim przeciwnikiem jest 0
[3]:[48] Walcze z 2
[0]:[50] Szukam Sekundanta
[1]:[50] Szukam Sekundanta
[3]:[58] Wygralem z 2
[2]:[53] Walcze z 3
[2]:[57] Poleglem z 3
[1]:[56] Walcze z 0
[3]:[58] Szukam przeciwnika
[2]:[57] Szukam wolnego lozka
[1]:[62] Poleglem z 0
[0]:[59] Walcze z 1
[0]:[61] Wygralem z 1
[2]:[67] Znalazlem lozko, bede leczyl sie 1s
[1]:[62] Szukam wolnego lozka
[0]:[61] Szukam przeciwnika
[2]:[67] Wyleczony
[0]:[71] Moim przeciwnikiem jest 2
[2]:[67] Szukam przeciwnika
[2]:[71] Moim przeciwnikiem jest 0
[1]:[72] Znalazlem lozko, bede leczyl sie 3s
[0]:[71] Szukam Sekundanta
[3]:[77] Nie znalazem rywala, szukam dalej!
[2]:[71] Szukam Sekundanta
[3]:[77] Szukam przeciwnika
[1]:[72] Wyleczony
[1]:[72] Szukam przeciwnika
[2]:[79] Walcze z 0
[3]:[89] Nie znalazem rywala, szukam dalej!
[2]:[91] Wygralem z 0
[0]:[84] Walcze z 2
[0]:[86] Poleglem z 2
[1]:[95] Nie znalazem rywala, szukam dalej!
[3]:[89] Szukam przeciwnika
[0]:[86] Szukam wolnego lozka
[2]:[91] Szukam przeciwnika
[1]:[95] Szukam przeciwnika
[0]:[103] Znalazlem lozko, bede leczyl sie 3s
[2]:[108] Moim przeciwnikiem jest 3
[3]:[108] Moim przeciwnikiem jest 2
[1]:[118] Nie znalazem rywala, szukam dalej!
[3]:[108] Szukam Sekundanta
[2]:[108] Szukam Sekundanta
[1]:[118] Szukam przeciwnika
[0]:[103] Wyleczony
[0]:[103] Szukam przeciwnika
[0]:[120] Moim przeciwnikiem jest 1
[1]:[120] Moim przeciwnikiem jest 0
[2]:[116] Walcze z 3
[2]:[125] Poleglem z 3
[1]:[120] Szukam Sekundanta
[3]:[119] Walcze z 2
[3]:[128] Wygralem z 2
[0]:[120] Szukam Sekundanta
[1]:[129] Walcze z 0
[3]:[128] Szukam przeciwnika
[2]:[125] Szukam wolnego lozka
[2]:[134] Znalazlem lozko, bede leczyl sie 1s
[0]:[131] Walcze z 1
[0]:[133] Wygralem z 1
[1]:[133] Poleglem z 0
[2]:[134] Wyleczony
[2]:[134] Szukam przeciwnika
[0]:[133] Szukam przeciwnika
[1]:[133] Szukam wolnego lozka
[2]:[147] Moim przeciwnikiem jest 3
[3]:[147] Moim przeciwnikiem jest 2
[1]:[147] Znalazlem lozko, bede leczyl sie 1s
[3]:[147] Szukam Sekundanta
[1]:[147] Wyleczony
[2]:[147] Szukam Sekundanta
[0]:[157] Nie znalazem rywala, szukam dalej!
